28-Jul-2025 22:45:11.440 INFO [main] org.apache.catalina.startup.VersionLoggerListener.log Server version name:   Apache Tomcat/9.0.96
28-Jul-2025 22:45:11.444 INFO [main] org.apache.catalina.startup.VersionLoggerListener.log Server built:          Oct 3 2024 19:44:30 UTC
28-Jul-2025 22:45:11.444 INFO [main] org.apache.catalina.startup.VersionLoggerListener.log Server version number: 9.0.96.0
28-Jul-2025 22:45:11.445 INFO [main] org.apache.catalina.startup.VersionLoggerListener.log OS Name:               Windows 10
28-Jul-2025 22:45:11.445 INFO [main] org.apache.catalina.startup.VersionLoggerListener.log OS Version:            10.0
28-Jul-2025 22:45:11.445 INFO [main] org.apache.catalina.startup.VersionLoggerListener.log Architecture:          amd64
28-Jul-2025 22:45:11.445 INFO [main] org.apache.catalina.startup.VersionLoggerListener.log Java Home:             C:\Program Files\Java\jdk-17.0.2
28-Jul-2025 22:45:11.445 INFO [main] org.apache.catalina.startup.VersionLoggerListener.log JVM Version:           17.0.2+8-LTS-86
28-Jul-2025 22:45:11.445 INFO [main] org.apache.catalina.startup.VersionLoggerListener.log JVM Vendor:            Oracle Corporation
28-Jul-2025 22:45:11.445 INFO [main] org.apache.catalina.startup.VersionLoggerListener.log CATALINA_BASE:         C:\Users\I_NEE\Documents\NetBeansProjects\globaldorm\apache\apache-tomcat-9.0.96
28-Jul-2025 22:45:11.446 INFO [main] org.apache.catalina.startup.VersionLoggerListener.log CATALINA_HOME:         C:\Users\I_NEE\Documents\NetBeansProjects\globaldorm\apache\apache-tomcat-9.0.96
28-Jul-2025 22:45:11.460 INFO [main] org.apache.catalina.startup.VersionLoggerListener.log Command line argument: --add-opens=java.base/java.lang=ALL-UNNAMED
28-Jul-2025 22:45:11.460 INFO [main] org.apache.catalina.startup.VersionLoggerListener.log Command line argument: --add-opens=java.base/java.io=ALL-UNNAMED
28-Jul-2025 22:45:11.461 INFO [main] org.apache.catalina.startup.VersionLoggerListener.log Command line argument: --add-opens=java.base/java.util=ALL-UNNAMED
28-Jul-2025 22:45:11.461 INFO [main] org.apache.catalina.startup.VersionLoggerListener.log Command line argument: --add-opens=java.base/java.util.concurrent=ALL-UNNAMED
28-Jul-2025 22:45:11.461 INFO [main] org.apache.catalina.startup.VersionLoggerListener.log Command line argument: --add-opens=java.rmi/sun.rmi.transport=ALL-UNNAMED
28-Jul-2025 22:45:11.461 INFO [main] org.apache.catalina.startup.VersionLoggerListener.log Command line argument: -Djava.util.logging.config.file=C:\Users\I_NEE\Documents\NetBeansProjects\globaldorm\apache\apache-tomcat-9.0.96\conf\logging.properties
28-Jul-2025 22:45:11.461 INFO [main] org.apache.catalina.startup.VersionLoggerListener.log Command line argument: -Djava.util.logging.manager=org.apache.juli.ClassLoaderLogManager
28-Jul-2025 22:45:11.461 INFO [main] org.apache.catalina.startup.VersionLoggerListener.log Command line argument: -Djdk.tls.ephemeralDHKeySize=2048
28-Jul-2025 22:45:11.461 INFO [main] org.apache.catalina.startup.VersionLoggerListener.log Command line argument: -Djava.protocol.handler.pkgs=org.apache.catalina.webresources
28-Jul-2025 22:45:11.461 INFO [main] org.apache.catalina.startup.VersionLoggerListener.log Command line argument: -Dignore.endorsed.dirs=
28-Jul-2025 22:45:11.462 INFO [main] org.apache.catalina.startup.VersionLoggerListener.log Command line argument: -Dcatalina.base=C:\Users\I_NEE\Documents\NetBeansProjects\globaldorm\apache\apache-tomcat-9.0.96
28-Jul-2025 22:45:11.462 INFO [main] org.apache.catalina.startup.VersionLoggerListener.log Command line argument: -Dcatalina.home=C:\Users\I_NEE\Documents\NetBeansProjects\globaldorm\apache\apache-tomcat-9.0.96
28-Jul-2025 22:45:11.462 INFO [main] org.apache.catalina.startup.VersionLoggerListener.log Command line argument: -Djava.io.tmpdir=C:\Users\I_NEE\Documents\NetBeansProjects\globaldorm\apache\apache-tomcat-9.0.96\temp
28-Jul-2025 22:45:11.546 INFO [main] org.apache.catalina.core.AprLifecycleListener.lifecycleEvent The Apache Tomcat Native library which allows using OpenSSL was not found on the java.library.path: [C:\Program Files\Java\jdk-17.0.2\bin;C:\Windows\Sun\Java\bin;C:\Windows\system32;C:\Windows;C:\Program Files\NVIDIA\CUDNN\v9.7\bin;C:\Program Files\NVIDIA GPU Computing Toolkit\CUDA\v12.8\bin;C:\Program Files\NVIDIA GPU Computing Toolkit\CUDA\v12.8\libnvvp;C:\Program Files\Microsoft SDKs\Azure\CLI2\wbin;C:\Program Files (x86)\Razer Chroma SDK\bin;C:\Program Files\Razer Chroma SDK\bin;C:\Program Files (x86)\Razer\ChromaBroadcast\bin;C:\Program Files\Razer\ChromaBroadcast\bin;C:\Program Files\Microsoft\jdk-11.0.16.101-hotspot\bin;C:\Program Files\Common Files\Oracle\Java\javapath;C:\Windows\system32;C:\Windows;C:\Windows\System32\Wbem;C:\Windows\System32\WindowsPowerShell\v1.0\;C:\Windows\System32\OpenSSH\;C:\Program Files (x86)\NVIDIA Corporation\PhysX\Common;C:\Program Files\NVIDIA Corporation\NVIDIA NvDLISR;C:\Program Files\Calibre2\;C:\Windows\system32;C:\Windows;C:\Windows\System32\Wbem;C:\Windows\System32\WindowsPowerShell\v1.0\;C:\Windows\System32\OpenSSH\;C:\msys64\mingw64\bin;C:\Program Files\Git\cmd;C:\Program Files\dotnet\;C:\Program Files\Microsoft SQL Server\150\Tools\Binn\;C:\Program Files\Microsoft SQL Server\Client SDK\ODBC\170\Tools\Binn\;C:\Program Files\nodejs\;C:\ProgramData\chocolatey\bin;C:\Windows\system32\config\systemprofile\AppData\Local\Microsoft\WindowsApps;C:\Program Files (x86)\Windows Kits\10\Windows Performance Toolkit\;c:\page;C:\Program Files\Erlang OTP\erts-15.1.3\bin;C:\Program Files\RabbitMQ Server\rabbitmq_server-4.0.4\sbin;C:\Program Files\Docker\Docker\resources\bin;C:\Users\I_NEE\AppData\Local\Programs\Python\Python310\Scripts;C:\Program Files\NVIDIA Corporation\Nsight Compute 2025.1.0\;C:\Program Files\NVIDIA Corporation\NVIDIA app\NvDLISR;C:\Users\I_NEE\AppData\Roaming\Python\Python310\Scripts;C:\Program Files\NVIDIA GPU Computing Toolkit\CUDA\v12.8\bin;C:\Program Files\NVIDIA GPU Computing Toolkit\CUDA\v12.8\lib\x64;C:\Program Files\CMake\bin;C:\Users\I_NEE\AppData\Local\Programs\Python\Launcher\;C:\Users\I_NEE\AppData\Local\Microsoft\WindowsApps;C:\Users\I_NEE\AppData\Local\Programs\Microsoft VS Code\bin;C:\Users\I_NEE\.dotnet\tools;C:\Program Files\JetBrains\PyCharm Community Edition 2023.2.3\bin;C:\Users\I_NEE\AppData\Roaming\npm;.]
28-Jul-2025 22:45:11.941 INFO [main] org.apache.coyote.AbstractProtocol.init Initializing ProtocolHandler ["http-nio-8080"]
28-Jul-2025 22:45:11.976 INFO [main] org.apache.catalina.startup.Catalina.load Server initialization in [781] milliseconds
28-Jul-2025 22:45:12.048 INFO [main] org.apache.catalina.core.StandardService.startInternal Starting service [Catalina]
28-Jul-2025 22:45:12.048 INFO [main] org.apache.catalina.core.StandardEngine.startInternal Starting Servlet engine: [Apache Tomcat/9.0.96]
28-Jul-2025 22:45:12.070 INFO [main] org.apache.catalina.startup.HostConfig.deployDescriptor Deploying deployment descriptor [C:\Users\I_NEE\Documents\NetBeansProjects\globaldorm\apache\apache-tomcat-9.0.96\conf\Catalina\localhost\GlobalDorm.xml]
28-Jul-2025 22:45:12.097 WARNING [main] org.apache.catalina.startup.HostConfig.deployDescriptor The path attribute with value [/GlobalDorm] in deployment descriptor [C:\Users\I_NEE\Documents\NetBeansProjects\globaldorm\apache\apache-tomcat-9.0.96\conf\Catalina\localhost\GlobalDorm.xml] has been ignored
28-Jul-2025 22:45:17.518 INFO [main] org.apache.jasper.servlet.TldScanner.scanJars At least one JAR was scanned for TLDs yet contained no TLDs. Enable debug logging for this logger for a complete list of JARs that were scanned but no TLDs were found in them. Skipping unneeded JARs during scanning can improve startup time and JSP compilation time.
28-Jul-2025 22:45:18.966 WARNING [main] org.glassfish.jersey.message.internal.MessagingBinders$EnabledProvidersBinder.bindToBinder A class javax.activation.DataSource for a default provider MessageBodyWriter<javax.activation.DataSource> was not found. The provider is not available.
28-Jul-2025 22:45:19.133 WARNING [main] org.glassfish.jersey.server.wadl.WadlFeature.configure JAXBContext implementation could not be found. WADL feature is disabled.
28-Jul-2025 22:45:19.995 INFO [main] org.apache.catalina.startup.HostConfig.deployDescriptor Deployment of deployment descriptor [C:\Users\I_NEE\Documents\NetBeansProjects\globaldorm\apache\apache-tomcat-9.0.96\conf\Catalina\localhost\GlobalDorm.xml] has finished in [7,924] ms
28-Jul-2025 22:45:19.996 INFO [main] org.apache.catalina.startup.HostConfig.deployDirectory Deploying web application directory [C:\Users\I_NEE\Documents\NetBeansProjects\globaldorm\apache\apache-tomcat-9.0.96\webapps\docs]
28-Jul-2025 22:45:20.088 INFO [main] org.apache.catalina.startup.HostConfig.deployDirectory Deployment of web application directory [C:\Users\I_NEE\Documents\NetBeansProjects\globaldorm\apache\apache-tomcat-9.0.96\webapps\docs] has finished in [91] ms
28-Jul-2025 22:45:20.088 INFO [main] org.apache.catalina.startup.HostConfig.deployDirectory Deploying web application directory [C:\Users\I_NEE\Documents\NetBeansProjects\globaldorm\apache\apache-tomcat-9.0.96\webapps\examples]
28-Jul-2025 22:45:21.355 INFO [main] org.apache.catalina.startup.HostConfig.deployDirectory Deployment of web application directory [C:\Users\I_NEE\Documents\NetBeansProjects\globaldorm\apache\apache-tomcat-9.0.96\webapps\examples] has finished in [1,266] ms
28-Jul-2025 22:45:21.355 INFO [main] org.apache.catalina.startup.HostConfig.deployDirectory Deploying web application directory [C:\Users\I_NEE\Documents\NetBeansProjects\globaldorm\apache\apache-tomcat-9.0.96\webapps\host-manager]
28-Jul-2025 22:45:21.466 INFO [main] org.apache.catalina.startup.HostConfig.deployDirectory Deployment of web application directory [C:\Users\I_NEE\Documents\NetBeansProjects\globaldorm\apache\apache-tomcat-9.0.96\webapps\host-manager] has finished in [110] ms
28-Jul-2025 22:45:21.466 INFO [main] org.apache.catalina.startup.HostConfig.deployDirectory Deploying web application directory [C:\Users\I_NEE\Documents\NetBeansProjects\globaldorm\apache\apache-tomcat-9.0.96\webapps\manager]
28-Jul-2025 22:45:21.581 INFO [main] org.apache.catalina.startup.HostConfig.deployDirectory Deployment of web application directory [C:\Users\I_NEE\Documents\NetBeansProjects\globaldorm\apache\apache-tomcat-9.0.96\webapps\manager] has finished in [115] ms
28-Jul-2025 22:45:21.582 INFO [main] org.apache.catalina.startup.HostConfig.deployDirectory Deploying web application directory [C:\Users\I_NEE\Documents\NetBeansProjects\globaldorm\apache\apache-tomcat-9.0.96\webapps\ROOT]
28-Jul-2025 22:45:21.654 INFO [main] org.apache.catalina.startup.HostConfig.deployDirectory Deployment of web application directory [C:\Users\I_NEE\Documents\NetBeansProjects\globaldorm\apache\apache-tomcat-9.0.96\webapps\ROOT] has finished in [72] ms
28-Jul-2025 22:45:21.659 INFO [main] org.apache.coyote.AbstractProtocol.start Starting ProtocolHandler ["http-nio-8080"]
28-Jul-2025 22:45:21.732 INFO [main] org.apache.catalina.startup.Catalina.start Server startup in [9755] milliseconds
28-Jul-2025 22:45:23.979 INFO [http-nio-8080-exec-1] org.apache.catalina.core.StandardContext.reload Reloading Context with name [/GlobalDorm] has started
28-Jul-2025 22:45:28.603 INFO [http-nio-8080-exec-1] org.apache.jasper.servlet.TldScanner.scanJars At least one JAR was scanned for TLDs yet contained no TLDs. Enable debug logging for this logger for a complete list of JARs that were scanned but no TLDs were found in them. Skipping unneeded JARs during scanning can improve startup time and JSP compilation time.
28-Jul-2025 22:45:29.791 WARNING [http-nio-8080-exec-1] org.glassfish.jersey.message.internal.MessagingBinders$EnabledProvidersBinder.bindToBinder A class javax.activation.DataSource for a default provider MessageBodyWriter<javax.activation.DataSource> was not found. The provider is not available.
28-Jul-2025 22:45:29.943 WARNING [http-nio-8080-exec-1] org.glassfish.jersey.server.wadl.WadlFeature.configure JAXBContext implementation could not be found. WADL feature is disabled.
28-Jul-2025 22:45:30.717 INFO [http-nio-8080-exec-1] org.apache.catalina.core.StandardContext.reload Reloading Context with name [/GlobalDorm] is completed
28-Jul-2025 22:47:55.894 INFO [main] org.apache.catalina.core.StandardServer.await A valid shutdown command was received via the shutdown port. Stopping the Server instance.
28-Jul-2025 22:47:55.895 INFO [main] org.apache.coyote.AbstractProtocol.pause Pausing ProtocolHandler ["http-nio-8080"]
28-Jul-2025 22:47:56.160 INFO [main] org.apache.catalina.core.StandardService.stopInternal Stopping service [Catalina]
28-Jul-2025 22:47:56.210 INFO [main] org.apache.coyote.AbstractProtocol.stop Stopping ProtocolHandler ["http-nio-8080"]
28-Jul-2025 22:47:56.225 INFO [main] org.apache.coyote.AbstractProtocol.destroy Destroying ProtocolHandler ["http-nio-8080"]
28-Jul-2025 23:00:15.587 INFO [main] org.apache.catalina.startup.VersionLoggerListener.log Server version name:   Apache Tomcat/9.0.96
28-Jul-2025 23:00:15.591 INFO [main] org.apache.catalina.startup.VersionLoggerListener.log Server built:          Oct 3 2024 19:44:30 UTC
28-Jul-2025 23:00:15.592 INFO [main] org.apache.catalina.startup.VersionLoggerListener.log Server version number: 9.0.96.0
28-Jul-2025 23:00:15.592 INFO [main] org.apache.catalina.startup.VersionLoggerListener.log OS Name:               Windows 10
28-Jul-2025 23:00:15.592 INFO [main] org.apache.catalina.startup.VersionLoggerListener.log OS Version:            10.0
28-Jul-2025 23:00:15.592 INFO [main] org.apache.catalina.startup.VersionLoggerListener.log Architecture:          amd64
28-Jul-2025 23:00:15.592 INFO [main] org.apache.catalina.startup.VersionLoggerListener.log Java Home:             C:\Program Files\Java\jdk-17.0.2
28-Jul-2025 23:00:15.593 INFO [main] org.apache.catalina.startup.VersionLoggerListener.log JVM Version:           17.0.2+8-LTS-86
28-Jul-2025 23:00:15.593 INFO [main] org.apache.catalina.startup.VersionLoggerListener.log JVM Vendor:            Oracle Corporation
28-Jul-2025 23:00:15.593 INFO [main] org.apache.catalina.startup.VersionLoggerListener.log CATALINA_BASE:         C:\Users\I_NEE\Documents\NetBeansProjects\globaldorm\apache\apache-tomcat-9.0.96
28-Jul-2025 23:00:15.593 INFO [main] org.apache.catalina.startup.VersionLoggerListener.log CATALINA_HOME:         C:\Users\I_NEE\Documents\NetBeansProjects\globaldorm\apache\apache-tomcat-9.0.96
28-Jul-2025 23:00:15.607 INFO [main] org.apache.catalina.startup.VersionLoggerListener.log Command line argument: --add-opens=java.base/java.lang=ALL-UNNAMED
28-Jul-2025 23:00:15.608 INFO [main] org.apache.catalina.startup.VersionLoggerListener.log Command line argument: --add-opens=java.base/java.io=ALL-UNNAMED
28-Jul-2025 23:00:15.608 INFO [main] org.apache.catalina.startup.VersionLoggerListener.log Command line argument: --add-opens=java.base/java.util=ALL-UNNAMED
28-Jul-2025 23:00:15.608 INFO [main] org.apache.catalina.startup.VersionLoggerListener.log Command line argument: --add-opens=java.base/java.util.concurrent=ALL-UNNAMED
28-Jul-2025 23:00:15.608 INFO [main] org.apache.catalina.startup.VersionLoggerListener.log Command line argument: --add-opens=java.rmi/sun.rmi.transport=ALL-UNNAMED
28-Jul-2025 23:00:15.608 INFO [main] org.apache.catalina.startup.VersionLoggerListener.log Command line argument: -Djava.util.logging.config.file=C:\Users\I_NEE\Documents\NetBeansProjects\globaldorm\apache\apache-tomcat-9.0.96\conf\logging.properties
28-Jul-2025 23:00:15.608 INFO [main] org.apache.catalina.startup.VersionLoggerListener.log Command line argument: -Djava.util.logging.manager=org.apache.juli.ClassLoaderLogManager
28-Jul-2025 23:00:15.608 INFO [main] org.apache.catalina.startup.VersionLoggerListener.log Command line argument: -Djdk.tls.ephemeralDHKeySize=2048
28-Jul-2025 23:00:15.609 INFO [main] org.apache.catalina.startup.VersionLoggerListener.log Command line argument: -Djava.protocol.handler.pkgs=org.apache.catalina.webresources
28-Jul-2025 23:00:15.609 INFO [main] org.apache.catalina.startup.VersionLoggerListener.log Command line argument: -Dignore.endorsed.dirs=
28-Jul-2025 23:00:15.609 INFO [main] org.apache.catalina.startup.VersionLoggerListener.log Command line argument: -Dcatalina.base=C:\Users\I_NEE\Documents\NetBeansProjects\globaldorm\apache\apache-tomcat-9.0.96
28-Jul-2025 23:00:15.609 INFO [main] org.apache.catalina.startup.VersionLoggerListener.log Command line argument: -Dcatalina.home=C:\Users\I_NEE\Documents\NetBeansProjects\globaldorm\apache\apache-tomcat-9.0.96
28-Jul-2025 23:00:15.609 INFO [main] org.apache.catalina.startup.VersionLoggerListener.log Command line argument: -Djava.io.tmpdir=C:\Users\I_NEE\Documents\NetBeansProjects\globaldorm\apache\apache-tomcat-9.0.96\temp
28-Jul-2025 23:00:15.690 INFO [main] org.apache.catalina.core.AprLifecycleListener.lifecycleEvent The Apache Tomcat Native library which allows using OpenSSL was not found on the java.library.path: [C:\Program Files\Java\jdk-17.0.2\bin;C:\Windows\Sun\Java\bin;C:\Windows\system32;C:\Windows;C:\Program Files\NVIDIA\CUDNN\v9.7\bin;C:\Program Files\NVIDIA GPU Computing Toolkit\CUDA\v12.8\bin;C:\Program Files\NVIDIA GPU Computing Toolkit\CUDA\v12.8\libnvvp;C:\Program Files\Microsoft SDKs\Azure\CLI2\wbin;C:\Program Files (x86)\Razer Chroma SDK\bin;C:\Program Files\Razer Chroma SDK\bin;C:\Program Files (x86)\Razer\ChromaBroadcast\bin;C:\Program Files\Razer\ChromaBroadcast\bin;C:\Program Files\Microsoft\jdk-11.0.16.101-hotspot\bin;C:\Program Files\Common Files\Oracle\Java\javapath;C:\Windows\system32;C:\Windows;C:\Windows\System32\Wbem;C:\Windows\System32\WindowsPowerShell\v1.0\;C:\Windows\System32\OpenSSH\;C:\Program Files (x86)\NVIDIA Corporation\PhysX\Common;C:\Program Files\NVIDIA Corporation\NVIDIA NvDLISR;C:\Program Files\Calibre2\;C:\Windows\system32;C:\Windows;C:\Windows\System32\Wbem;C:\Windows\System32\WindowsPowerShell\v1.0\;C:\Windows\System32\OpenSSH\;C:\msys64\mingw64\bin;C:\Program Files\Git\cmd;C:\Program Files\dotnet\;C:\Program Files\Microsoft SQL Server\150\Tools\Binn\;C:\Program Files\Microsoft SQL Server\Client SDK\ODBC\170\Tools\Binn\;C:\Program Files\nodejs\;C:\ProgramData\chocolatey\bin;C:\Windows\system32\config\systemprofile\AppData\Local\Microsoft\WindowsApps;C:\Program Files (x86)\Windows Kits\10\Windows Performance Toolkit\;c:\page;C:\Program Files\Erlang OTP\erts-15.1.3\bin;C:\Program Files\RabbitMQ Server\rabbitmq_server-4.0.4\sbin;C:\Program Files\Docker\Docker\resources\bin;C:\Users\I_NEE\AppData\Local\Programs\Python\Python310\Scripts;C:\Program Files\NVIDIA Corporation\Nsight Compute 2025.1.0\;C:\Program Files\NVIDIA Corporation\NVIDIA app\NvDLISR;C:\Users\I_NEE\AppData\Roaming\Python\Python310\Scripts;C:\Program Files\NVIDIA GPU Computing Toolkit\CUDA\v12.8\bin;C:\Program Files\NVIDIA GPU Computing Toolkit\CUDA\v12.8\lib\x64;C:\Program Files\CMake\bin;C:\Users\I_NEE\AppData\Local\Programs\Python\Launcher\;C:\Users\I_NEE\AppData\Local\Microsoft\WindowsApps;C:\Users\I_NEE\AppData\Local\Programs\Microsoft VS Code\bin;C:\Users\I_NEE\.dotnet\tools;C:\Program Files\JetBrains\PyCharm Community Edition 2023.2.3\bin;C:\Users\I_NEE\AppData\Roaming\npm;.]
28-Jul-2025 23:00:16.056 INFO [main] org.apache.coyote.AbstractProtocol.init Initializing ProtocolHandler ["http-nio-8080"]
28-Jul-2025 23:00:16.090 INFO [main] org.apache.catalina.startup.Catalina.load Server initialization in [766] milliseconds
28-Jul-2025 23:00:16.158 INFO [main] org.apache.catalina.core.StandardService.startInternal Starting service [Catalina]
28-Jul-2025 23:00:16.158 INFO [main] org.apache.catalina.core.StandardEngine.startInternal Starting Servlet engine: [Apache Tomcat/9.0.96]
28-Jul-2025 23:00:16.174 INFO [main] org.apache.catalina.startup.HostConfig.deployDescriptor Deploying deployment descriptor [C:\Users\I_NEE\Documents\NetBeansProjects\globaldorm\apache\apache-tomcat-9.0.96\conf\Catalina\localhost\GlobalDorm.xml]
28-Jul-2025 23:00:16.194 WARNING [main] org.apache.catalina.startup.HostConfig.deployDescriptor The path attribute with value [/GlobalDorm] in deployment descriptor [C:\Users\I_NEE\Documents\NetBeansProjects\globaldorm\apache\apache-tomcat-9.0.96\conf\Catalina\localhost\GlobalDorm.xml] has been ignored
28-Jul-2025 23:00:21.450 INFO [main] org.apache.jasper.servlet.TldScanner.scanJars At least one JAR was scanned for TLDs yet contained no TLDs. Enable debug logging for this logger for a complete list of JARs that were scanned but no TLDs were found in them. Skipping unneeded JARs during scanning can improve startup time and JSP compilation time.
28-Jul-2025 23:00:22.922 WARNING [main] org.glassfish.jersey.message.internal.MessagingBinders$EnabledProvidersBinder.bindToBinder A class javax.activation.DataSource for a default provider MessageBodyWriter<javax.activation.DataSource> was not found. The provider is not available.
28-Jul-2025 23:00:23.084 WARNING [main] org.glassfish.jersey.server.wadl.WadlFeature.configure JAXBContext implementation could not be found. WADL feature is disabled.
28-Jul-2025 23:00:23.972 INFO [main] org.apache.catalina.startup.HostConfig.deployDescriptor Deployment of deployment descriptor [C:\Users\I_NEE\Documents\NetBeansProjects\globaldorm\apache\apache-tomcat-9.0.96\conf\Catalina\localhost\GlobalDorm.xml] has finished in [7,797] ms
28-Jul-2025 23:00:23.973 INFO [main] org.apache.catalina.startup.HostConfig.deployDirectory Deploying web application directory [C:\Users\I_NEE\Documents\NetBeansProjects\globaldorm\apache\apache-tomcat-9.0.96\webapps\docs]
28-Jul-2025 23:00:24.063 INFO [main] org.apache.catalina.startup.HostConfig.deployDirectory Deployment of web application directory [C:\Users\I_NEE\Documents\NetBeansProjects\globaldorm\apache\apache-tomcat-9.0.96\webapps\docs] has finished in [89] ms
28-Jul-2025 23:00:24.063 INFO [main] org.apache.catalina.startup.HostConfig.deployDirectory Deploying web application directory [C:\Users\I_NEE\Documents\NetBeansProjects\globaldorm\apache\apache-tomcat-9.0.96\webapps\examples]
28-Jul-2025 23:00:25.354 INFO [main] org.apache.catalina.startup.HostConfig.deployDirectory Deployment of web application directory [C:\Users\I_NEE\Documents\NetBeansProjects\globaldorm\apache\apache-tomcat-9.0.96\webapps\examples] has finished in [1,291] ms
28-Jul-2025 23:00:25.355 INFO [main] org.apache.catalina.startup.HostConfig.deployDirectory Deploying web application directory [C:\Users\I_NEE\Documents\NetBeansProjects\globaldorm\apache\apache-tomcat-9.0.96\webapps\host-manager]
28-Jul-2025 23:00:25.475 INFO [main] org.apache.catalina.startup.HostConfig.deployDirectory Deployment of web application directory [C:\Users\I_NEE\Documents\NetBeansProjects\globaldorm\apache\apache-tomcat-9.0.96\webapps\host-manager] has finished in [120] ms
28-Jul-2025 23:00:25.475 INFO [main] org.apache.catalina.startup.HostConfig.deployDirectory Deploying web application directory [C:\Users\I_NEE\Documents\NetBeansProjects\globaldorm\apache\apache-tomcat-9.0.96\webapps\manager]
28-Jul-2025 23:00:25.591 INFO [main] org.apache.catalina.startup.HostConfig.deployDirectory Deployment of web application directory [C:\Users\I_NEE\Documents\NetBeansProjects\globaldorm\apache\apache-tomcat-9.0.96\webapps\manager] has finished in [115] ms
28-Jul-2025 23:00:25.591 INFO [main] org.apache.catalina.startup.HostConfig.deployDirectory Deploying web application directory [C:\Users\I_NEE\Documents\NetBeansProjects\globaldorm\apache\apache-tomcat-9.0.96\webapps\ROOT]
28-Jul-2025 23:00:25.674 INFO [main] org.apache.catalina.startup.HostConfig.deployDirectory Deployment of web application directory [C:\Users\I_NEE\Documents\NetBeansProjects\globaldorm\apache\apache-tomcat-9.0.96\webapps\ROOT] has finished in [83] ms
28-Jul-2025 23:00:25.680 INFO [main] org.apache.coyote.AbstractProtocol.start Starting ProtocolHandler ["http-nio-8080"]
28-Jul-2025 23:00:25.747 INFO [main] org.apache.catalina.startup.Catalina.start Server startup in [9655] milliseconds
28-Jul-2025 23:00:29.388 INFO [http-nio-8080-exec-4] org.apache.catalina.core.StandardContext.reload Reloading Context with name [/GlobalDorm] has started
28-Jul-2025 23:00:34.525 INFO [http-nio-8080-exec-4] org.apache.jasper.servlet.TldScanner.scanJars At least one JAR was scanned for TLDs yet contained no TLDs. Enable debug logging for this logger for a complete list of JARs that were scanned but no TLDs were found in them. Skipping unneeded JARs during scanning can improve startup time and JSP compilation time.
28-Jul-2025 23:00:35.797 WARNING [http-nio-8080-exec-4] org.glassfish.jersey.message.internal.MessagingBinders$EnabledProvidersBinder.bindToBinder A class javax.activation.DataSource for a default provider MessageBodyWriter<javax.activation.DataSource> was not found. The provider is not available.
28-Jul-2025 23:00:35.962 WARNING [http-nio-8080-exec-4] org.glassfish.jersey.server.wadl.WadlFeature.configure JAXBContext implementation could not be found. WADL feature is disabled.
28-Jul-2025 23:00:36.782 INFO [http-nio-8080-exec-4] org.apache.catalina.core.StandardContext.reload Reloading Context with name [/GlobalDorm] is completed
28-Jul-2025 23:23:24.142 INFO [main] org.apache.catalina.core.StandardServer.await A valid shutdown command was received via the shutdown port. Stopping the Server instance.
28-Jul-2025 23:23:24.143 INFO [main] org.apache.coyote.AbstractProtocol.pause Pausing ProtocolHandler ["http-nio-8080"]
28-Jul-2025 23:23:24.361 INFO [main] org.apache.catalina.core.StandardService.stopInternal Stopping service [Catalina]
28-Jul-2025 23:23:24.389 WARNING [main] org.apache.catalina.loader.WebappClassLoaderBase.clearReferencesThreads The web application [GlobalDorm] appears to have started a thread named [cluster-ClusterId{value='6887f7ec77147b3fbd006e29', description='null'}-localhost:27017] but has failed to stop it. This is very likely to create a memory leak. Stack trace of thread:
 java.base@17.0.2/jdk.internal.misc.Unsafe.park(Native Method)
 java.base@17.0.2/java.util.concurrent.locks.LockSupport.parkNanos(LockSupport.java:252)
 java.base@17.0.2/java.util.concurrent.locks.AbstractQueuedSynchronizer$ConditionObject.awaitNanos(AbstractQueuedSynchronizer.java:1672)
 com.mongodb.internal.connection.DefaultServerMonitor$ServerMonitorRunnable.waitForSignalOrTimeout(DefaultServerMonitor.java:229)
 com.mongodb.internal.connection.DefaultServerMonitor$ServerMonitorRunnable.waitForNext(DefaultServerMonitor.java:210)
 com.mongodb.internal.connection.DefaultServerMonitor$ServerMonitorRunnable.run(DefaultServerMonitor.java:157)
 java.base@17.0.2/java.lang.Thread.run(Thread.java:833)
28-Jul-2025 23:23:24.390 WARNING [main] org.apache.catalina.loader.WebappClassLoaderBase.clearReferencesThreads The web application [GlobalDorm] appears to have started a thread named [cluster-ClusterId{value='6887f7f377147b3fbd006e2a', description='null'}-localhost:27017] but has failed to stop it. This is very likely to create a memory leak. Stack trace of thread:
 java.base@17.0.2/jdk.internal.misc.Unsafe.park(Native Method)
 java.base@17.0.2/java.util.concurrent.locks.LockSupport.parkNanos(LockSupport.java:252)
 java.base@17.0.2/java.util.concurrent.locks.AbstractQueuedSynchronizer$ConditionObject.awaitNanos(AbstractQueuedSynchronizer.java:1672)
 com.mongodb.internal.connection.DefaultServerMonitor$ServerMonitorRunnable.waitForSignalOrTimeout(DefaultServerMonitor.java:229)
 com.mongodb.internal.connection.DefaultServerMonitor$ServerMonitorRunnable.waitForNext(DefaultServerMonitor.java:210)
 com.mongodb.internal.connection.DefaultServerMonitor$ServerMonitorRunnable.run(DefaultServerMonitor.java:157)
 java.base@17.0.2/java.lang.Thread.run(Thread.java:833)
28-Jul-2025 23:23:24.390 WARNING [main] org.apache.catalina.loader.WebappClassLoaderBase.clearReferencesThreads The web application [GlobalDorm] appears to have started a thread named [cluster-ClusterId{value='6887f7f677147b3fbd006e2b', description='null'}-localhost:27017] but has failed to stop it. This is very likely to create a memory leak. Stack trace of thread:
 java.base@17.0.2/jdk.internal.misc.Unsafe.park(Native Method)
 java.base@17.0.2/java.util.concurrent.locks.LockSupport.parkNanos(LockSupport.java:252)
 java.base@17.0.2/java.util.concurrent.locks.AbstractQueuedSynchronizer$ConditionObject.awaitNanos(AbstractQueuedSynchronizer.java:1672)
 com.mongodb.internal.connection.DefaultServerMonitor$ServerMonitorRunnable.waitForSignalOrTimeout(DefaultServerMonitor.java:229)
 com.mongodb.internal.connection.DefaultServerMonitor$ServerMonitorRunnable.waitForNext(DefaultServerMonitor.java:210)
 com.mongodb.internal.connection.DefaultServerMonitor$ServerMonitorRunnable.run(DefaultServerMonitor.java:157)
 java.base@17.0.2/java.lang.Thread.run(Thread.java:833)
28-Jul-2025 23:23:24.394 INFO [main] org.apache.coyote.AbstractProtocol.stop Stopping ProtocolHandler ["http-nio-8080"]
28-Jul-2025 23:23:24.402 INFO [main] org.apache.coyote.AbstractProtocol.destroy Destroying ProtocolHandler ["http-nio-8080"]
